{'timestamp': 1529251696.0,
 'questions': OrderedDict([('q000000',
               {'csq_npoints': 1,
                'csq_name': 'q000000',
                'csq_display_name': 'Tutor Question 1 in Section 1.1',
                'qtype': 'smallbox',
                'csq_grading_mode': 'auto'}),
              ('q000001',
               {'csq_npoints': 1,
                'csq_name': 'q000001',
                'csq_display_name': 'Tutor Question 2 in Section 1.1',
                'qtype': 'smallbox',
                'csq_grading_mode': 'auto'}),
              ('q000002',
               {'csq_npoints': 1,
                'csq_name': 'q000002',
                'csq_display_name': 'Tutor Question 3 in Section 1.1',
                'qtype': 'smallbox',
                'csq_grading_mode': 'auto'}),
              ('q000003',
               {'csq_npoints': 1,
                'csq_name': 'q000003',
                'csq_display_name': 'Tutor Question 4 in Section 1.1',
                'qtype': 'smallbox',
                'csq_grading_mode': 'auto'}),
              ('q000004',
               {'csq_npoints': 1,
                'csq_name': 'q000004',
                'csq_display_name': 'Tutor Question 5 in Section 1.1',
                'qtype': 'smallbox',
                'csq_grading_mode': 'auto'}),
              ('q000005',
               {'csq_npoints': 1,
                'csq_name': 'q000005',
                'csq_display_name': 'Tutor Question 6 in Section 1.1',
                'qtype': 'pythonic',
                'csq_grading_mode': 'auto'})])}

