{'timestamp': 1529252494.0,
 'questions': OrderedDict([('q000000',
               {'csq_npoints': 1,
                'csq_name': 'q000000',
                'csq_display_name': 'Tutor Question 1 in Section 2',
                'qtype': 'pythonic',
                'csq_grading_mode': 'auto'}),
              ('q000001',
               {'csq_npoints': 1,
                'csq_name': 'q000001',
                'csq_display_name': 'Tutor Question 1 in Section 3.1',
                'qtype': 'bigbox',
                'csq_grading_mode': 'auto'}),
              ('q000002',
               {'csq_npoints': 1,
                'csq_name': 'q000002',
                'csq_display_name': 'Tutor Question 1 in Section 3.2',
                'qtype': 'bigbox',
                'csq_grading_mode': 'auto'}),
              ('q000003',
               {'csq_npoints': 4,
                'csq_name': 'q000003',
                'csq_display_name': 'Tutor Question 1 in Section 7.2',
                'qtype': 'pythoncode',
                'csq_grading_mode': 'auto'}),
              ('q000004',
               {'csq_npoints': 1,
                'csq_name': 'q000004',
                'csq_display_name': 'Tutor Question 2 in Section 7.2',
                'qtype': 'fileupload',
                'csq_grading_mode': 'auto'})])}

